mode: set
github.com/s3wong/nftopology/controllers/nftopology_controller.go:49.102,55.2 2 0
github.com/s3wong/nftopology/controllers/nftopology_controller.go:58.73,63.2 1 0
github.com/s3wong/nftopology/controllers/packagerevision_controller.go:45.99,47.2 1 1
github.com/s3wong/nftopology/controllers/packagerevision_controller.go:49.72,51.2 1 0
github.com/s3wong/nftopology/controllers/packagerevision_controller.go:53.79,56.48 3 1
github.com/s3wong/nftopology/controllers/packagerevision_controller.go:56.48,58.64 2 1
github.com/s3wong/nftopology/controllers/packagerevision_controller.go:58.64,61.4 2 1
github.com/s3wong/nftopology/controllers/packagerevision_controller.go:63.2,64.12 2 1
github.com/s3wong/nftopology/controllers/packagerevision_controller.go:67.237,70.53 2 1
github.com/s3wong/nftopology/controllers/packagerevision_controller.go:70.53,71.34 1 0
github.com/s3wong/nftopology/controllers/packagerevision_controller.go:71.34,73.9 2 0
github.com/s3wong/nftopology/controllers/packagerevision_controller.go:77.2,77.31 1 1
github.com/s3wong/nftopology/controllers/packagerevision_controller.go:77.31,79.3 1 1
github.com/s3wong/nftopology/controllers/packagerevision_controller.go:80.2,89.56 8 1
github.com/s3wong/nftopology/controllers/packagerevision_controller.go:89.56,90.74 1 1
github.com/s3wong/nftopology/controllers/packagerevision_controller.go:90.74,91.38 1 1
github.com/s3wong/nftopology/controllers/packagerevision_controller.go:91.38,92.36 1 1
github.com/s3wong/nftopology/controllers/packagerevision_controller.go:92.36,96.6 3 1
github.com/s3wong/nftopology/controllers/packagerevision_controller.go:100.2,101.12 2 1
github.com/s3wong/nftopology/controllers/packagerevision_controller.go:108.107,112.63 3 0
github.com/s3wong/nftopology/controllers/packagerevision_controller.go:112.63,114.3 1 0
github.com/s3wong/nftopology/controllers/packagerevision_controller.go:118.2,118.78 1 0
github.com/s3wong/nftopology/controllers/packagerevision_controller.go:118.78,122.3 2 0
github.com/s3wong/nftopology/controllers/packagerevision_controller.go:124.2,127.56 4 0
github.com/s3wong/nftopology/controllers/packagerevision_controller.go:127.56,130.3 2 0
github.com/s3wong/nftopology/controllers/packagerevision_controller.go:131.2,131.64 1 0
github.com/s3wong/nftopology/controllers/packagerevision_controller.go:131.64,134.3 2 0
github.com/s3wong/nftopology/controllers/packagerevision_controller.go:135.2,135.62 1 0
github.com/s3wong/nftopology/controllers/packagerevision_controller.go:135.62,138.3 2 0
github.com/s3wong/nftopology/controllers/packagerevision_controller.go:139.2,139.73 1 0
github.com/s3wong/nftopology/controllers/packagerevision_controller.go:139.73,142.3 2 0
github.com/s3wong/nftopology/controllers/packagerevision_controller.go:144.2,148.118 3 0
github.com/s3wong/nftopology/controllers/packagerevision_controller.go:148.118,151.3 2 0
github.com/s3wong/nftopology/controllers/packagerevision_controller.go:155.2,158.132 3 0
github.com/s3wong/nftopology/controllers/packagerevision_controller.go:158.132,162.3 3 0
github.com/s3wong/nftopology/controllers/packagerevision_controller.go:165.2,166.53 2 0
github.com/s3wong/nftopology/controllers/packagerevision_controller.go:166.53,167.36 1 0
github.com/s3wong/nftopology/controllers/packagerevision_controller.go:167.36,169.9 2 0
github.com/s3wong/nftopology/controllers/packagerevision_controller.go:172.2,172.23 1 0
github.com/s3wong/nftopology/controllers/packagerevision_controller.go:172.23,176.3 3 0
github.com/s3wong/nftopology/controllers/packagerevision_controller.go:178.2,180.86 3 0
github.com/s3wong/nftopology/controllers/packagerevision_controller.go:180.86,183.3 2 0
github.com/s3wong/nftopology/controllers/packagerevision_controller.go:184.2,184.163 1 0
github.com/s3wong/nftopology/controllers/packagerevision_controller.go:184.163,187.3 2 0
github.com/s3wong/nftopology/controllers/packagerevision_controller.go:189.2,189.20 1 0
github.com/s3wong/nftopology/controllers/packagerevision_controller.go:189.20,190.58 1 0
github.com/s3wong/nftopology/controllers/packagerevision_controller.go:190.58,193.4 2 0
github.com/s3wong/nftopology/controllers/packagerevision_controller.go:194.8,195.58 1 0
github.com/s3wong/nftopology/controllers/packagerevision_controller.go:195.58,198.4 2 0
github.com/s3wong/nftopology/controllers/packagerevision_controller.go:201.2,201.27 1 0
github.com/s3wong/nftopology/controllers/packagerevision_controller.go:205.78,209.2 1 0
